[INFO] Scanning for projects...
[INFO] 
[INFO] --------------------------< com.example:rpa >---------------------------
[INFO] Building rpa 0.0.1-SNAPSHOT
[INFO] --------------------------------[ jar ]---------------------------------
[INFO] 
[INFO] --- maven-clean-plugin:3.3.2:clean (default-clean) @ rpa ---
[INFO] Deleting D:\work\workspace\java\rpa\target
[INFO] 
[INFO] --- maven-resources-plugin:3.3.1:resources (default-resources) @ rpa ---
[INFO] Copying 1 resource from src\main\resources to target\classes
[INFO] Copying 0 resource from src\main\resources to target\classes
[INFO] 
[INFO] --- maven-compiler-plugin:3.11.0:compile (default-compile) @ rpa ---
[INFO] Changes detected - recompiling the module! :source
[INFO] Compiling 20 source files with javac [debug release 17] to target\classes
[INFO] Annotation processing is enabled because one or more processors were found
  on the class path. A future release of javac may disable annotation processing
  unless at least one processor is specified by name (-processor), or a search
  path is specified (--processor-path, --processor-module-path), or annotation
  processing is enabled explicitly (-proc:only, -proc:full).
  Use -Xlint:-options to suppress this message.
  Use -proc:none to disable annotation processing.
[INFO] -------------------------------------------------------------
[ERROR] COMPILATION ERROR : 
[INFO] -------------------------------------------------------------
[ERROR] /D:/work/workspace/java/rpa/src/main/java/com/example/rpa/service/FacebookService.java:[87,13] unreported exception java.lang.InterruptedException; must be caught or declared to be thrown
[ERROR] /D:/work/workspace/java/rpa/src/main/java/com/example/rpa/service/FacebookService.java:[102,13] unreported exception java.lang.InterruptedException; must be caught or declared to be thrown
[INFO] 2 errors 
[INFO] -------------------------------------------------------------
[INFO] ------------------------------------------------------------------------
[INFO] BUILD FAILURE
[INFO] ------------------------------------------------------------------------
[INFO] Total time:  2.087 s
[INFO] Finished at: 2025-11-23T08:46:05+08:00
[INFO] ------------------------------------------------------------------------
[ERROR] Failed to execute goal org.apache.maven.plugins:maven-compiler-plugin:3.11.0:compile (default-compile) on project rpa: Compilation failure: Compilation failure: 
[ERROR] /D:/work/workspace/java/rpa/src/main/java/com/example/rpa/service/FacebookService.java:[87,13] unreported exception java.lang.InterruptedException; must be caught or declared to be thrown
[ERROR] /D:/work/workspace/java/rpa/src/main/java/com/example/rpa/service/FacebookService.java:[102,13] unreported exception java.lang.InterruptedException; must be caught or declared to be thrown
[ERROR] -> [Help 1]
[ERROR] 
[ERROR] To see the full stack trace of the errors, re-run Maven with the -e switch.
[ERROR] Re-run Maven using the -X switch to enable full debug logging.
[ERROR] 
[ERROR] For more information about the errors and possible solutions, please read the following articles:
[ERROR] [Help 1] http://cwiki.apache.org/confluence/display/MAVEN/MojoFailureException
